<?xml version="1.0" encoding="UTF-8"?>
<!-- Generated by org.testng.reporters.JUnitReportReporter -->
<testsuite hostname="DESKTOP-MIFDNCE" failures="0" tests="1" name="com.maven2.CustomerModuel2" time="0.007" errors="0" timestamp="2024-01-20T10:45:16 IST" skipped="0">
  <testcase classname="com.maven2.CustomerModuel2" name="CustomerModuel2" time="0.007"/>
  <system-out>
    <![CDATA[CustomerModuel2]]>
  </system-out>
</testsuite> <!-- com.maven2.CustomerModuel2 -->
